<?xml version="1.0" encoding="UTF-8"?>
<!-- Generated by org.testng.reporters.JUnitReportReporter -->
<testsuite skipped="0" hostname="FUBEUSBNU2" name="scripts.BaseClass" tests="1" failures="0" timestamp="06 Feb 2019 10:26:34 GMT" time="0.000" errors="1">
  <testcase name="setUp" time="0.000" classname="scripts.BaseClass">
    <error type="org.testng.TestNGException" message="
Parameter &#039;baseUrl&#039; is required by BeforeSuite on method setUp but has not been marked @Optional or defined
in C:\Users\Sunny\eclipse-workspace\Iseek\src\main\java\Iseek_Suite">
      <![CDATA[org.testng.TestNGException: 
Parameter 'baseUrl' is required by BeforeSuite on method setUp but has not been marked @Optional or defined
in C:\Users\Sunny\eclipse-workspace\Iseek\src\main\java\Iseek_Suite
at org.testng.internal.Parameters.createParams(Parameters.java:290)
at org.testng.internal.Parameters.createParametersForMethod(Parameters.java:359)
at org.testng.internal.Parameters.createParameters(Parameters.java:620)
at org.testng.internal.Parameters.createConfigurationParameters(Parameters.java:190)
at org.testng.internal.Invoker.invokeConfigurations(Invoker.java:209)
at org.testng.internal.Invoker.invokeConfigurations(Invoker.java:142)
at org.testng.SuiteRunner.privateRun(SuiteRunner.java:401)
at org.testng.SuiteRunner.run(SuiteRunner.java:364)
at org.testng.SuiteRunnerWorker.runSuite(SuiteRunnerWorker.java:52)
at org.testng.SuiteRunnerWorker.run(SuiteRunnerWorker.java:84)
at org.testng.TestNG.runSuitesSequentially(TestNG.java:1208)
at org.testng.TestNG.runSuitesLocally(TestNG.java:1137)
at org.testng.TestNG.runSuites(TestNG.java:1049)
at org.testng.TestNG.run(TestNG.java:1017)
at org.testng.remote.AbstractRemoteTestNG.run(AbstractRemoteTestNG.java:114)
at org.testng.remote.RemoteTestNG.initAndRun(RemoteTestNG.java:251)
at org.testng.remote.RemoteTestNG.main(RemoteTestNG.java:77)
]]>
    </error>
  </testcase> <!-- setUp -->
</testsuite> <!-- scripts.BaseClass -->
